<?xml version="1.0" encoding="utf-8"?>
<testsuites>
<testsuite package="org.eslint" time="0" tests="1" errors="0" name="/builds/shopware/6/product/SwagExtensionStore/custom/plugins/SwagExtensionStore/src/Resources/app/administration/src/main.js">
<testcase time="0" name="/builds/shopware/6/product/SwagExtensionStore/custom/plugins/SwagExtensionStore/src/Resources/app/administration/src/main.js" classname="/builds/shopware/6/product/SwagExtensionStore/custom/plugins/SwagExtensionStore/src/Resources/app/administration/src/main" />
</testsuite>
<testsuite package="org.eslint" time="0" tests="1" errors="0" name="/builds/shopware/6/product/SwagExtensionStore/custom/plugins/SwagExtensionStore/src/Resources/app/administration/src/module/sw-extension-store/component/sw-extension-buy-modal/index.js">
<testcase time="0" name="/builds/shopware/6/product/SwagExtensionStore/custom/plugins/SwagExtensionStore/src/Resources/app/administration/src/module/sw-extension-store/component/sw-extension-buy-modal/index.js" classname="/builds/shopware/6/product/SwagExtensionStore/custom/plugins/SwagExtensionStore/src/Resources/app/administration/src/module/sw-extension-store/component/sw-extension-buy-modal/index" />
</testsuite>
<testsuite package="org.eslint" time="0" tests="1" errors="0" name="/builds/shopware/6/product/SwagExtensionStore/custom/plugins/SwagExtensionStore/src/Resources/app/administration/src/module/sw-extension-store/component/sw-extension-buy-modal/sw-extension-buy-modal.spec.js">
<testcase time="0" name="/builds/shopware/6/product/SwagExtensionStore/custom/plugins/SwagExtensionStore/src/Resources/app/administration/src/module/sw-extension-store/component/sw-extension-buy-modal/sw-extension-buy-modal.spec.js" classname="/builds/shopware/6/product/SwagExtensionStore/custom/plugins/SwagExtensionStore/src/Resources/app/administration/src/module/sw-extension-store/component/sw-extension-buy-modal/sw-extension-buy-modal.spec" />
</testsuite>
<testsuite package="org.eslint" time="0" tests="1" errors="0" name="/builds/shopware/6/product/SwagExtensionStore/custom/plugins/SwagExtensionStore/src/Resources/app/administration/src/module/sw-extension-store/component/sw-extension-listing-card/index.js">
<testcase time="0" name="/builds/shopware/6/product/SwagExtensionStore/custom/plugins/SwagExtensionStore/src/Resources/app/administration/src/module/sw-extension-store/component/sw-extension-listing-card/index.js" classname="/builds/shopware/6/product/SwagExtensionStore/custom/plugins/SwagExtensionStore/src/Resources/app/administration/src/module/sw-extension-store/component/sw-extension-listing-card/index" />
</testsuite>
<testsuite package="org.eslint" time="0" tests="1" errors="0" name="/builds/shopware/6/product/SwagExtensionStore/custom/plugins/SwagExtensionStore/src/Resources/app/administration/src/module/sw-extension-store/component/sw-extension-listing-card/sw-extension-listing-card.spec.js">
<testcase time="0" name="/builds/shopware/6/product/SwagExtensionStore/custom/plugins/SwagExtensionStore/src/Resources/app/administration/src/module/sw-extension-store/component/sw-extension-listing-card/sw-extension-listing-card.spec.js" classname="/builds/shopware/6/product/SwagExtensionStore/custom/plugins/SwagExtensionStore/src/Resources/app/administration/src/module/sw-extension-store/component/sw-extension-listing-card/sw-extension-listing-card.spec" />
</testsuite>
<testsuite package="org.eslint" time="0" tests="1" errors="0" name="/builds/shopware/6/product/SwagExtensionStore/custom/plugins/SwagExtensionStore/src/Resources/app/administration/src/module/sw-extension-store/component/sw-extension-store-error-card/index.js">
<testcase time="0" name="/builds/shopware/6/product/SwagExtensionStore/custom/plugins/SwagExtensionStore/src/Resources/app/administration/src/module/sw-extension-store/component/sw-extension-store-error-card/index.js" classname="/builds/shopware/6/product/SwagExtensionStore/custom/plugins/SwagExtensionStore/src/Resources/app/administration/src/module/sw-extension-store/component/sw-extension-store-error-card/index" />
</testsuite>
<testsuite package="org.eslint" time="0" tests="1" errors="0" name="/builds/shopware/6/product/SwagExtensionStore/custom/plugins/SwagExtensionStore/src/Resources/app/administration/src/module/sw-extension-store/component/sw-extension-store-error-card/sw-extension-store-error-card.spec.js">
<testcase time="0" name="/builds/shopware/6/product/SwagExtensionStore/custom/plugins/SwagExtensionStore/src/Resources/app/administration/src/module/sw-extension-store/component/sw-extension-store-error-card/sw-extension-store-error-card.spec.js" classname="/builds/shopware/6/product/SwagExtensionStore/custom/plugins/SwagExtensionStore/src/Resources/app/administration/src/module/sw-extension-store/component/sw-extension-store-error-card/sw-extension-store-error-card.spec" />
</testsuite>
<testsuite package="org.eslint" time="0" tests="1" errors="0" name="/builds/shopware/6/product/SwagExtensionStore/custom/plugins/SwagExtensionStore/src/Resources/app/administration/src/module/sw-extension-store/component/sw-extension-store-label-display/index.js">
<testcase time="0" name="/builds/shopware/6/product/SwagExtensionStore/custom/plugins/SwagExtensionStore/src/Resources/app/administration/src/module/sw-extension-store/component/sw-extension-store-label-display/index.js" classname="/builds/shopware/6/product/SwagExtensionStore/custom/plugins/SwagExtensionStore/src/Resources/app/administration/src/module/sw-extension-store/component/sw-extension-store-label-display/index" />
</testsuite>
<testsuite package="org.eslint" time="0" tests="1" errors="0" name="/builds/shopware/6/product/SwagExtensionStore/custom/plugins/SwagExtensionStore/src/Resources/app/administration/src/module/sw-extension-store/component/sw-extension-store-label-display/sw-extension-store-label-display.spec.js">
<testcase time="0" name="/builds/shopware/6/product/SwagExtensionStore/custom/plugins/SwagExtensionStore/src/Resources/app/administration/src/module/sw-extension-store/component/sw-extension-store-label-display/sw-extension-store-label-display.spec.js" classname="/builds/shopware/6/product/SwagExtensionStore/custom/plugins/SwagExtensionStore/src/Resources/app/administration/src/module/sw-extension-store/component/sw-extension-store-label-display/sw-extension-store-label-display.spec" />
</testsuite>
<testsuite package="org.eslint" time="0" tests="1" errors="0" name="/builds/shopware/6/product/SwagExtensionStore/custom/plugins/SwagExtensionStore/src/Resources/app/administration/src/module/sw-extension-store/component/sw-extension-store-label/index.js">
<testcase time="0" name="/builds/shopware/6/product/SwagExtensionStore/custom/plugins/SwagExtensionStore/src/Resources/app/administration/src/module/sw-extension-store/component/sw-extension-store-label/index.js" classname="/builds/shopware/6/product/SwagExtensionStore/custom/plugins/SwagExtensionStore/src/Resources/app/administration/src/module/sw-extension-store/component/sw-extension-store-label/index" />
</testsuite>
<testsuite package="org.eslint" time="0" tests="1" errors="0" name="/builds/shopware/6/product/SwagExtensionStore/custom/plugins/SwagExtensionStore/src/Resources/app/administration/src/module/sw-extension-store/component/sw-extension-store-listing-filter/index.js">
<testcase time="0" name="/builds/shopware/6/product/SwagExtensionStore/custom/plugins/SwagExtensionStore/src/Resources/app/administration/src/module/sw-extension-store/component/sw-extension-store-listing-filter/index.js" classname="/builds/shopware/6/product/SwagExtensionStore/custom/plugins/SwagExtensionStore/src/Resources/app/administration/src/module/sw-extension-store/component/sw-extension-store-listing-filter/index" />
</testsuite>
<testsuite package="org.eslint" time="0" tests="1" errors="0" name="/builds/shopware/6/product/SwagExtensionStore/custom/plugins/SwagExtensionStore/src/Resources/app/administration/src/module/sw-extension-store/component/sw-extension-store-listing-filter/sw-extension-store-listing-filter.spec.js">
<testcase time="0" name="/builds/shopware/6/product/SwagExtensionStore/custom/plugins/SwagExtensionStore/src/Resources/app/administration/src/module/sw-extension-store/component/sw-extension-store-listing-filter/sw-extension-store-listing-filter.spec.js" classname="/builds/shopware/6/product/SwagExtensionStore/custom/plugins/SwagExtensionStore/src/Resources/app/administration/src/module/sw-extension-store/component/sw-extension-store-listing-filter/sw-extension-store-listing-filter.spec" />
</testsuite>
<testsuite package="org.eslint" time="0" tests="1" errors="0" name="/builds/shopware/6/product/SwagExtensionStore/custom/plugins/SwagExtensionStore/src/Resources/app/administration/src/module/sw-extension-store/component/sw-extension-store-slider/index.js">
<testcase time="0" name="/builds/shopware/6/product/SwagExtensionStore/custom/plugins/SwagExtensionStore/src/Resources/app/administration/src/module/sw-extension-store/component/sw-extension-store-slider/index.js" classname="/builds/shopware/6/product/SwagExtensionStore/custom/plugins/SwagExtensionStore/src/Resources/app/administration/src/module/sw-extension-store/component/sw-extension-store-slider/index" />
</testsuite>
<testsuite package="org.eslint" time="0" tests="1" errors="0" name="/builds/shopware/6/product/SwagExtensionStore/custom/plugins/SwagExtensionStore/src/Resources/app/administration/src/module/sw-extension-store/component/sw-extension-store-slider/sw-extension-store-slider.spec.js">
<testcase time="0" name="/builds/shopware/6/product/SwagExtensionStore/custom/plugins/SwagExtensionStore/src/Resources/app/administration/src/module/sw-extension-store/component/sw-extension-store-slider/sw-extension-store-slider.spec.js" classname="/builds/shopware/6/product/SwagExtensionStore/custom/plugins/SwagExtensionStore/src/Resources/app/administration/src/module/sw-extension-store/component/sw-extension-store-slider/sw-extension-store-slider.spec" />
</testsuite>
<testsuite package="org.eslint" time="0" tests="1" errors="0" name="/builds/shopware/6/product/SwagExtensionStore/custom/plugins/SwagExtensionStore/src/Resources/app/administration/src/module/sw-extension-store/component/sw-extension-store-type-label/index.js">
<testcase time="0" name="/builds/shopware/6/product/SwagExtensionStore/custom/plugins/SwagExtensionStore/src/Resources/app/administration/src/module/sw-extension-store/component/sw-extension-store-type-label/index.js" classname="/builds/shopware/6/product/SwagExtensionStore/custom/plugins/SwagExtensionStore/src/Resources/app/administration/src/module/sw-extension-store/component/sw-extension-store-type-label/index" />
</testsuite>
<testsuite package="org.eslint" time="0" tests="1" errors="0" name="/builds/shopware/6/product/SwagExtensionStore/custom/plugins/SwagExtensionStore/src/Resources/app/administration/src/module/sw-extension-store/component/sw-extension-store-update-warning/index.js">
<testcase time="0" name="/builds/shopware/6/product/SwagExtensionStore/custom/plugins/SwagExtensionStore/src/Resources/app/administration/src/module/sw-extension-store/component/sw-extension-store-update-warning/index.js" classname="/builds/shopware/6/product/SwagExtensionStore/custom/plugins/SwagExtensionStore/src/Resources/app/administration/src/module/sw-extension-store/component/sw-extension-store-update-warning/index" />
</testsuite>
<testsuite package="org.eslint" time="0" tests="1" errors="0" name="/builds/shopware/6/product/SwagExtensionStore/custom/plugins/SwagExtensionStore/src/Resources/app/administration/src/module/sw-extension-store/index.js">
<testcase time="0" name="/builds/shopware/6/product/SwagExtensionStore/custom/plugins/SwagExtensionStore/src/Resources/app/administration/src/module/sw-extension-store/index.js" classname="/builds/shopware/6/product/SwagExtensionStore/custom/plugins/SwagExtensionStore/src/Resources/app/administration/src/module/sw-extension-store/index" />
</testsuite>
<testsuite package="org.eslint" time="0" tests="1" errors="0" name="/builds/shopware/6/product/SwagExtensionStore/custom/plugins/SwagExtensionStore/src/Resources/app/administration/src/module/sw-extension-store/page/sw-extension-store-detail/index.js">
<testcase time="0" name="/builds/shopware/6/product/SwagExtensionStore/custom/plugins/SwagExtensionStore/src/Resources/app/administration/src/module/sw-extension-store/page/sw-extension-store-detail/index.js" classname="/builds/shopware/6/product/SwagExtensionStore/custom/plugins/SwagExtensionStore/src/Resources/app/administration/src/module/sw-extension-store/page/sw-extension-store-detail/index" />
</testsuite>
<testsuite package="org.eslint" time="0" tests="1" errors="0" name="/builds/shopware/6/product/SwagExtensionStore/custom/plugins/SwagExtensionStore/src/Resources/app/administration/src/module/sw-extension-store/page/sw-extension-store-detail/sw-extension-store-detail.spec.js">
<testcase time="0" name="/builds/shopware/6/product/SwagExtensionStore/custom/plugins/SwagExtensionStore/src/Resources/app/administration/src/module/sw-extension-store/page/sw-extension-store-detail/sw-extension-store-detail.spec.js" classname="/builds/shopware/6/product/SwagExtensionStore/custom/plugins/SwagExtensionStore/src/Resources/app/administration/src/module/sw-extension-store/page/sw-extension-store-detail/sw-extension-store-detail.spec" />
</testsuite>
<testsuite package="org.eslint" time="0" tests="1" errors="0" name="/builds/shopware/6/product/SwagExtensionStore/custom/plugins/SwagExtensionStore/src/Resources/app/administration/src/module/sw-extension-store/page/sw-extension-store-index/index.js">
<testcase time="0" name="/builds/shopware/6/product/SwagExtensionStore/custom/plugins/SwagExtensionStore/src/Resources/app/administration/src/module/sw-extension-store/page/sw-extension-store-index/index.js" classname="/builds/shopware/6/product/SwagExtensionStore/custom/plugins/SwagExtensionStore/src/Resources/app/administration/src/module/sw-extension-store/page/sw-extension-store-index/index" />
</testsuite>
<testsuite package="org.eslint" time="0" tests="1" errors="0" name="/builds/shopware/6/product/SwagExtensionStore/custom/plugins/SwagExtensionStore/src/Resources/app/administration/src/module/sw-extension-store/page/sw-extension-store-index/sw-extension-store-index.spec.js">
<testcase time="0" name="/builds/shopware/6/product/SwagExtensionStore/custom/plugins/SwagExtensionStore/src/Resources/app/administration/src/module/sw-extension-store/page/sw-extension-store-index/sw-extension-store-index.spec.js" classname="/builds/shopware/6/product/SwagExtensionStore/custom/plugins/SwagExtensionStore/src/Resources/app/administration/src/module/sw-extension-store/page/sw-extension-store-index/sw-extension-store-index.spec" />
</testsuite>
<testsuite package="org.eslint" time="0" tests="1" errors="0" name="/builds/shopware/6/product/SwagExtensionStore/custom/plugins/SwagExtensionStore/src/Resources/app/administration/src/module/sw-extension-store/page/sw-extension-store-listing/index.js">
<testcase time="0" name="/builds/shopware/6/product/SwagExtensionStore/custom/plugins/SwagExtensionStore/src/Resources/app/administration/src/module/sw-extension-store/page/sw-extension-store-listing/index.js" classname="/builds/shopware/6/product/SwagExtensionStore/custom/plugins/SwagExtensionStore/src/Resources/app/administration/src/module/sw-extension-store/page/sw-extension-store-listing/index" />
</testsuite>
<testsuite package="org.eslint" time="0" tests="1" errors="0" name="/builds/shopware/6/product/SwagExtensionStore/custom/plugins/SwagExtensionStore/src/Resources/app/administration/src/module/sw-extension-store/service/extension-store-data.service.js">
<testcase time="0" name="/builds/shopware/6/product/SwagExtensionStore/custom/plugins/SwagExtensionStore/src/Resources/app/administration/src/module/sw-extension-store/service/extension-store-data.service.js" classname="/builds/shopware/6/product/SwagExtensionStore/custom/plugins/SwagExtensionStore/src/Resources/app/administration/src/module/sw-extension-store/service/extension-store-data.service" />
</testsuite>
<testsuite package="org.eslint" time="0" tests="1" errors="0" name="/builds/shopware/6/product/SwagExtensionStore/custom/plugins/SwagExtensionStore/src/Resources/app/administration/src/module/sw-extension-store/service/extension-store-licenses.service.js">
<testcase time="0" name="/builds/shopware/6/product/SwagExtensionStore/custom/plugins/SwagExtensionStore/src/Resources/app/administration/src/module/sw-extension-store/service/extension-store-licenses.service.js" classname="/builds/shopware/6/product/SwagExtensionStore/custom/plugins/SwagExtensionStore/src/Resources/app/administration/src/module/sw-extension-store/service/extension-store-licenses.service" />
</testsuite>
</testsuites>
